<?xml version="1.0" encoding="UTF-8"?>
<coverage generated="1779557104561" clover="3.2.0">
  <project timestamp="1779557104561" name="All files">
    <metrics statements="161" coveredstatements="92" conditionals="152" coveredconditionals="81" methods="62" coveredmethods="28" elements="375" coveredelements="201" complexity="0" loc="161" ncloc="161" packages="3" files="9" classes="9"/>
    <package name="components.Rules">
      <metrics statements="132" coveredstatements="86" conditionals="130" coveredconditionals="80" methods="54" coveredmethods="28"/>
      <file name="RuleDynamicFields.module.scss" path="C:\zData\ExtracionDatosIA\FrontEnd\src\components\Rules\RuleDynamicFields.module.scss">
        <metrics statements="0" coveredstatements="0" conditionals="0" coveredconditionals="0" methods="0" coveredmethods="0"/>
      </file>
      <file name="RuleDynamicFields.tsx" path="C:\zData\ExtracionDatosIA\FrontEnd\src\components\Rules\RuleDynamicFields.tsx">
        <metrics statements="18" coveredstatements="17" conditionals="23" coveredconditionals="18" methods="7" coveredmethods="6"/>
        <line num="16" count="1" type="stmt"/>
        <line num="21" count="60" type="stmt"/>
        <line num="24" count="60" type="stmt"/>
        <line num="29" count="60" type="stmt"/>
        <line num="31" count="60" type="stmt"/>
        <line num="32" count="2" type="stmt"/>
        <line num="39" count="60" type="stmt"/>
        <line num="40" count="76" type="cond" truecount="1" falsecount="1"/>
        <line num="41" count="76" type="stmt"/>
        <line num="42" count="76" type="cond" truecount="2" falsecount="0"/>
        <line num="43" count="38" type="stmt"/>
        <line num="45" count="55" type="cond" truecount="2" falsecount="0"/>
        <line num="49" count="60" type="stmt"/>
        <line num="81" count="76" type="stmt"/>
        <line num="82" count="76" type="stmt"/>
        <line num="84" count="76" type="stmt"/>
        <line num="121" count="304" type="stmt"/>
        <line num="149" count="0" type="stmt"/>
      </file>
      <file name="RuleForm.module.scss" path="C:\zData\ExtracionDatosIA\FrontEnd\src\components\Rules\RuleForm.module.scss">
        <metrics statements="0" coveredstatements="0" conditionals="0" coveredconditionals="0" methods="0" coveredmethods="0"/>
      </file>
      <file name="RuleForm.tsx" path="C:\zData\ExtracionDatosIA\FrontEnd\src\components\Rules\RuleForm.tsx">
        <metrics statements="66" coveredstatements="39" conditionals="71" coveredconditionals="45" methods="24" coveredmethods="13"/>
        <line num="23" count="1" type="stmt"/>
        <line num="56" count="1" type="stmt"/>
        <line num="61" count="60" type="stmt"/>
        <line num="62" count="60" type="stmt"/>
        <line num="63" count="60" type="stmt"/>
        <line num="65" count="60" type="stmt"/>
        <line num="66" count="8" type="stmt"/>
        <line num="79" count="60" type="stmt"/>
        <line num="93" count="60" type="stmt"/>
        <line num="96" count="60" type="stmt"/>
        <line num="97" count="8" type="stmt"/>
        <line num="101" count="60" type="stmt"/>
        <line num="102" count="60" type="stmt"/>
        <line num="105" count="60" type="stmt"/>
        <line num="106" count="19" type="cond" truecount="1" falsecount="1"/>
        <line num="107" count="19" type="stmt"/>
        <line num="108" count="19" type="cond" truecount="1" falsecount="1"/>
        <line num="110" count="21" type="stmt"/>
        <line num="111" count="19" type="stmt"/>
        <line num="113" count="19" type="stmt"/>
        <line num="114" count="69" type="stmt"/>
        <line num="115" count="69" type="stmt"/>
        <line num="117" count="19" type="stmt"/>
        <line num="121" count="60" type="stmt"/>
        <line num="122" count="0" type="stmt"/>
        <line num="125" count="0" type="stmt"/>
        <line num="126" count="0" type="stmt"/>
        <line num="127" count="0" type="stmt"/>
        <line num="130" count="0" type="cond" truecount="0" falsecount="4"/>
        <line num="131" count="0" type="stmt"/>
        <line num="133" count="0" type="stmt"/>
        <line num="138" count="60" type="stmt"/>
        <line num="139" count="0" type="stmt"/>
        <line num="142" count="0" type="stmt"/>
        <line num="143" count="0" type="stmt"/>
        <line num="144" count="0" type="stmt"/>
        <line num="147" count="0" type="cond" truecount="0" falsecount="4"/>
        <line num="148" count="0" type="stmt"/>
        <line num="150" count="0" type="stmt"/>
        <line num="155" count="60" type="cond" truecount="2" falsecount="0"/>
        <line num="157" count="60" type="stmt"/>
        <line num="159" count="0" type="stmt"/>
        <line num="160" count="0" type="stmt"/>
        <line num="161" count="0" type="stmt"/>
        <line num="163" count="0" type="cond" truecount="0" falsecount="2"/>
        <line num="164" count="0" type="stmt"/>
        <line num="165" count="0" type="stmt"/>
        <line num="168" count="0" type="cond" truecount="0" falsecount="2"/>
        <line num="169" count="0" type="stmt"/>
        <line num="171" count="0" type="stmt"/>
        <line num="178" count="60" type="stmt"/>
        <line num="179" count="9" type="cond" truecount="1" falsecount="1"/>
        <line num="180" count="9" type="stmt"/>
        <line num="187" count="60" type="stmt"/>
        <line num="188" count="0" type="stmt"/>
        <line num="189" count="0" type="stmt"/>
        <line num="196" count="60" type="stmt"/>
        <line num="197" count="60" type="cond" truecount="2" falsecount="0"/>
        <line num="199" count="60" type="stmt"/>
        <line num="256" count="1" type="cond" truecount="1" falsecount="1"/>
        <line num="257" count="0" type="stmt"/>
        <line num="259" count="1" type="stmt"/>
        <line num="267" count="240" type="stmt"/>
        <line num="339" count="240" type="stmt"/>
        <line num="343" count="0" type="stmt"/>
        <line num="378" count="1" type="stmt"/>
      </file>
      <file name="RuleList.module.scss" path="C:\zData\ExtracionDatosIA\FrontEnd\src\components\Rules\RuleList.module.scss">
        <metrics statements="0" coveredstatements="0" conditionals="0" coveredconditionals="0" methods="0" coveredmethods="0"/>
      </file>
      <file name="RuleList.tsx" path="C:\zData\ExtracionDatosIA\FrontEnd\src\components\Rules\RuleList.tsx">
        <metrics statements="48" coveredstatements="30" conditionals="36" coveredconditionals="17" methods="23" coveredmethods="9"/>
        <line num="26" count="24" type="cond" truecount="1" falsecount="1"/>
        <line num="27" count="24" type="stmt"/>
        <line num="28" count="24" type="stmt"/>
        <line num="29" count="24" type="stmt"/>
        <line num="30" count="24" type="stmt"/>
        <line num="31" count="24" type="stmt"/>
        <line num="32" count="24" type="stmt"/>
        <line num="33" count="24" type="stmt"/>
        <line num="36" count="24" type="cond" truecount="1" falsecount="1"/>
        <line num="37" count="0" type="cond" truecount="0" falsecount="2"/>
        <line num="38" count="0" type="cond" truecount="0" falsecount="4"/>
        <line num="39" count="0" type="cond" truecount="0" falsecount="4"/>
        <line num="40" count="0" type="cond" truecount="0" falsecount="2"/>
        <line num="42" count="24" type="stmt"/>
        <line num="50" count="24" type="stmt"/>
        <line num="53" count="1" type="stmt"/>
        <line num="55" count="1" type="stmt"/>
        <line num="56" count="11" type="stmt"/>
        <line num="57" count="11" type="stmt"/>
        <line num="59" count="11" type="stmt"/>
        <line num="60" count="11" type="stmt"/>
        <line num="62" count="11" type="stmt"/>
        <line num="63" count="0" type="stmt"/>
        <line num="65" count="0" type="stmt"/>
        <line num="66" count="0" type="stmt"/>
        <line num="69" count="0" type="stmt"/>
        <line num="73" count="11" type="stmt"/>
        <line num="74" count="11" type="stmt"/>
        <line num="76" count="10" type="stmt"/>
        <line num="83" count="11" type="stmt"/>
        <line num="84" count="1" type="stmt"/>
        <line num="87" count="11" type="stmt"/>
        <line num="129" count="24" type="cond" truecount="1" falsecount="1"/>
        <line num="130" count="24" type="stmt"/>
        <line num="162" count="1" type="stmt"/>
        <line num="169" count="1" type="stmt"/>
        <line num="176" count="0" type="stmt"/>
        <line num="184" count="1" type="stmt"/>
        <line num="209" count="0" type="stmt"/>
        <line num="215" count="0" type="stmt"/>
        <line num="216" count="0" type="stmt"/>
        <line num="221" count="0" type="stmt"/>
        <line num="229" count="0" type="stmt"/>
        <line num="245" count="0" type="stmt"/>
        <line num="255" count="0" type="stmt"/>
        <line num="291" count="1" type="stmt"/>
        <line num="331" count="0" type="stmt"/>
        <line num="332" count="0" type="stmt"/>
      </file>
    </package>
    <package name="services">
      <metrics statements="26" coveredstatements="3" conditionals="22" coveredconditionals="1" methods="8" coveredmethods="0"/>
      <file name="api.ts" path="C:\zData\ExtracionDatosIA\FrontEnd\src\services\api.ts">
        <metrics statements="8" coveredstatements="3" conditionals="4" coveredconditionals="1" methods="3" coveredmethods="0"/>
        <line num="7" count="1" type="stmt"/>
        <line num="16" count="1" type="stmt"/>
        <line num="20" count="0" type="stmt"/>
        <line num="24" count="1" type="stmt"/>
        <line num="25" count="0" type="stmt"/>
        <line num="27" count="0" type="cond" truecount="0" falsecount="2"/>
        <line num="31" count="0" type="stmt"/>
        <line num="33" count="0" type="stmt"/>
      </file>
      <file name="ruleService.ts" path="C:\zData\ExtracionDatosIA\FrontEnd\src\services\ruleService.ts">
        <metrics statements="18" coveredstatements="0" conditionals="18" coveredconditionals="0" methods="5" coveredmethods="0"/>
        <line num="18" count="0" type="stmt"/>
        <line num="21" count="0" type="cond" truecount="0" falsecount="2"/>
        <line num="29" count="0" type="stmt"/>
        <line num="30" count="0" type="cond" truecount="0" falsecount="2"/>
        <line num="31" count="0" type="cond" truecount="0" falsecount="2"/>
        <line num="33" count="0" type="stmt"/>
        <line num="41" count="0" type="stmt"/>
        <line num="42" count="0" type="cond" truecount="0" falsecount="2"/>
        <line num="43" count="0" type="cond" truecount="0" falsecount="2"/>
        <line num="45" count="0" type="stmt"/>
        <line num="53" count="0" type="stmt"/>
        <line num="54" count="0" type="cond" truecount="0" falsecount="2"/>
        <line num="55" count="0" type="cond" truecount="0" falsecount="2"/>
        <line num="57" count="0" type="stmt"/>
        <line num="65" count="0" type="stmt"/>
        <line num="66" count="0" type="cond" truecount="0" falsecount="2"/>
        <line num="67" count="0" type="cond" truecount="0" falsecount="2"/>
        <line num="69" count="0" type="stmt"/>
      </file>
    </package>
    <package name="types">
      <metrics statements="3" coveredstatements="3" conditionals="0" coveredconditionals="0" methods="0" coveredmethods="0"/>
      <file name="rule.types.ts" path="C:\zData\ExtracionDatosIA\FrontEnd\src\types\rule.types.ts">
        <metrics statements="3" coveredstatements="3" conditionals="0" coveredconditionals="0" methods="0" coveredmethods="0"/>
        <line num="68" count="1" type="stmt"/>
        <line num="76" count="1" type="stmt"/>
        <line num="84" count="1" type="stmt"/>
      </file>
    </package>
  </project>
</coverage>
