{"C:\\zData\\ExtracionDatosIA\\FrontEnd\\src\\components\\Rules\\RuleDynamicFields.module.scss": {"path":"C:\\zData\\ExtracionDatosIA\\FrontEnd\\src\\components\\Rules\\RuleDynamicFields.module.scss","statementMap":{},"fnMap":{},"branchMap":{},"s":{},"f":{},"b":{},"meta":{"lastBranch":0,"lastFunction":0,"lastStatement":0,"seen":{}}}
,"C:\\zData\\ExtracionDatosIA\\FrontEnd\\src\\components\\Rules\\RuleDynamicFields.tsx": {"path":"C:\\zData\\ExtracionDatosIA\\FrontEnd\\src\\components\\Rules\\RuleDynamicFields.tsx","statementMap":{"0":{"start":{"line":16,"column":13},"end":{"line":180,"column":null}},"1":{"start":{"line":21,"column":17},"end":{"line":22,"column":null}},"2":{"start":{"line":24,"column":26},"end":{"line":27,"column":null}},"3":{"start":{"line":29,"column":22},"end":{"line":29,"column":null}},"4":{"start":{"line":31,"column":8},"end":{"line":33,"column":null}},"5":{"start":{"line":32,"column":4},"end":{"line":32,"column":null}},"6":{"start":{"line":39,"column":8},"end":{"line":47,"column":null}},"7":{"start":{"line":40,"column":4},"end":{"line":40,"column":null}},"8":{"start":{"line":40,"column":22},"end":{"line":40,"column":null}},"9":{"start":{"line":41,"column":24},"end":{"line":41,"column":null}},"10":{"start":{"line":42,"column":4},"end":{"line":42,"column":null}},"11":{"start":{"line":42,"column":22},"end":{"line":42,"column":null}},"12":{"start":{"line":43,"column":4},"end":{"line":46,"column":null}},"13":{"start":{"line":45,"column":8},"end":{"line":45,"column":null}},"14":{"start":{"line":49,"column":2},"end":{"line":178,"column":null}},"15":{"start":{"line":81,"column":30},"end":{"line":81,"column":null}},"16":{"start":{"line":82,"column":32},"end":{"line":82,"column":null}},"17":{"start":{"line":84,"column":12},"end":{"line":156,"column":null}},"18":{"start":{"line":121,"column":22},"end":{"line":123,"column":null}},"19":{"start":{"line":149,"column":35},"end":{"line":149,"column":null}}},"fnMap":{"0":{"name":"(anonymous_0)","decl":{"start":{"line":16,"column":13},"end":{"line":16,"column":49}},"loc":{"start":{"line":16,"column":49},"end":{"line":180,"column":null}},"line":16},"1":{"name":"(anonymous_1)","decl":{"start":{"line":31,"column":25},"end":{"line":31,"column":43}},"loc":{"start":{"line":31,"column":43},"end":{"line":33,"column":5}},"line":31},"2":{"name":"(anonymous_2)","decl":{"start":{"line":39,"column":8},"end":{"line":39,"column":23}},"loc":{"start":{"line":39,"column":50},"end":{"line":47,"column":null}},"line":39},"3":{"name":"(anonymous_3)","decl":{"start":{"line":43,"column":23},"end":{"line":43,"column":null}},"loc":{"start":{"line":45,"column":8},"end":{"line":45,"column":null}},"line":45},"4":{"name":"(anonymous_4)","decl":{"start":{"line":80,"column":18},"end":{"line":80,"column":23}},"loc":{"start":{"line":80,"column":40},"end":{"line":158,"column":11}},"line":80},"5":{"name":"(anonymous_5)","decl":{"start":{"line":120,"column":38},"end":{"line":120,"column":43}},"loc":{"start":{"line":121,"column":22},"end":{"line":123,"column":null}},"line":121},"6":{"name":"(anonymous_6)","decl":{"start":{"line":149,"column":20},"end":{"line":149,"column":35}},"loc":{"start":{"line":149,"column":35},"end":{"line":149,"column":null}},"line":149}},"branchMap":{"0":{"loc":{"start":{"line":40,"column":4},"end":{"line":40,"column":null}},"type":"if","locations":[{"start":{"line":40,"column":4},"end":{"line":40,"column":null}},{"start":{},"end":{}}],"line":40},"1":{"loc":{"start":{"line":42,"column":4},"end":{"line":42,"column":null}},"type":"if","locations":[{"start":{"line":42,"column":4},"end":{"line":42,"column":null}},{"start":{},"end":{}}],"line":42},"2":{"loc":{"start":{"line":45,"column":8},"end":{"line":45,"column":null}},"type":"binary-expr","locations":[{"start":{"line":45,"column":8},"end":{"line":45,"column":23}},{"start":{"line":45,"column":23},"end":{"line":45,"column":null}}],"line":45},"3":{"loc":{"start":{"line":65,"column":7},"end":{"line":68,"column":null}},"type":"binary-expr","locations":[{"start":{"line":65,"column":7},"end":{"line":65,"column":32}},{"start":{"line":65,"column":32},"end":{"line":65,"column":null}},{"start":{"line":66,"column":8},"end":{"line":68,"column":null}}],"line":65},"4":{"loc":{"start":{"line":71,"column":7},"end":{"line":159,"column":null}},"type":"binary-expr","locations":[{"start":{"line":71,"column":7},"end":{"line":71,"column":null}},{"start":{"line":72,"column":8},"end":{"line":159,"column":null}}],"line":71},"5":{"loc":{"start":{"line":88,"column":18},"end":{"line":88,"column":null}},"type":"cond-expr","locations":[{"start":{"line":88,"column":30},"end":{"line":88,"column":77}},{"start":{"line":88,"column":77},"end":{"line":88,"column":null}}],"line":88},"6":{"loc":{"start":{"line":97,"column":22},"end":{"line":99,"column":null}},"type":"cond-expr","locations":[{"start":{"line":98,"column":26},"end":{"line":98,"column":null}},{"start":{"line":99,"column":26},"end":{"line":99,"column":null}}],"line":97},"7":{"loc":{"start":{"line":97,"column":22},"end":{"line":97,"column":null}},"type":"binary-expr","locations":[{"start":{"line":97,"column":22},"end":{"line":97,"column":45}},{"start":{"line":97,"column":45},"end":{"line":97,"column":null}}],"line":97},"8":{"loc":{"start":{"line":103,"column":19},"end":{"line":106,"column":null}},"type":"binary-expr","locations":[{"start":{"line":103,"column":19},"end":{"line":103,"column":null}},{"start":{"line":104,"column":20},"end":{"line":106,"column":null}}],"line":103},"9":{"loc":{"start":{"line":108,"column":19},"end":{"line":111,"column":null}},"type":"binary-expr","locations":[{"start":{"line":108,"column":19},"end":{"line":108,"column":null}},{"start":{"line":109,"column":20},"end":{"line":111,"column":null}}],"line":108},"10":{"loc":{"start":{"line":162,"column":7},"end":{"line":172,"column":null}},"type":"binary-expr","locations":[{"start":{"line":162,"column":7},"end":{"line":162,"column":null}},{"start":{"line":163,"column":8},"end":{"line":172,"column":null}}],"line":162}},"s":{"0":1,"1":60,"2":60,"3":60,"4":60,"5":2,"6":60,"7":76,"8":0,"9":76,"10":76,"11":38,"12":38,"13":55,"14":60,"15":76,"16":76,"17":76,"18":304,"19":0},"f":{"0":60,"1":2,"2":76,"3":55,"4":76,"5":304,"6":0},"b":{"0":[0,76],"1":[38,38],"2":[55,18],"3":[60,0,0],"4":[60,60],"5":[2,74],"6":[2,74],"7":[76,76],"8":[76,0],"9":[76,2],"10":[60,0]},"meta":{"lastBranch":11,"lastFunction":7,"lastStatement":20,"seen":{"s:16:13:180:Infinity":0,"f:16:13:16:49":0,"s:21:17:22:Infinity":1,"s:24:26:27:Infinity":2,"s:29:22:29:Infinity":3,"s:31:8:33:Infinity":4,"f:31:25:31:43":1,"s:32:4:32:Infinity":5,"s:39:8:47:Infinity":6,"f:39:8:39:23":2,"b:40:4:40:Infinity:undefined:undefined:undefined:undefined":0,"s:40:4:40:Infinity":7,"s:40:22:40:Infinity":8,"s:41:24:41:Infinity":9,"b:42:4:42:Infinity:undefined:undefined:undefined:undefined":1,"s:42:4:42:Infinity":10,"s:42:22:42:Infinity":11,"s:43:4:46:Infinity":12,"f:43:23:43:Infinity":3,"s:45:8:45:Infinity":13,"b:45:8:45:23:45:23:45:Infinity":2,"s:49:2:178:Infinity":14,"b:65:7:65:32:65:32:65:Infinity:66:8:68:Infinity":3,"b:71:7:71:Infinity:72:8:159:Infinity":4,"f:80:18:80:23":4,"s:81:30:81:Infinity":15,"s:82:32:82:Infinity":16,"s:84:12:156:Infinity":17,"b:88:30:88:77:88:77:88:Infinity":5,"b:98:26:98:Infinity:99:26:99:Infinity":6,"b:97:22:97:45:97:45:97:Infinity":7,"b:103:19:103:Infinity:104:20:106:Infinity":8,"b:108:19:108:Infinity:109:20:111:Infinity":9,"f:120:38:120:43":5,"s:121:22:123:Infinity":18,"f:149:20:149:35":6,"s:149:35:149:Infinity":19,"b:162:7:162:Infinity:163:8:172:Infinity":10}}}
,"C:\\zData\\ExtracionDatosIA\\FrontEnd\\src\\components\\Rules\\RuleForm.module.scss": {"path":"C:\\zData\\ExtracionDatosIA\\FrontEnd\\src\\components\\Rules\\RuleForm.module.scss","statementMap":{},"fnMap":{},"branchMap":{},"s":{},"f":{},"b":{},"meta":{"lastBranch":0,"lastFunction":0,"lastStatement":0,"seen":{}}}
,"C:\\zData\\ExtracionDatosIA\\FrontEnd\\src\\components\\Rules\\RuleForm.tsx": {"path":"C:\\zData\\ExtracionDatosIA\\FrontEnd\\src\\components\\Rules\\RuleForm.tsx","statementMap":{"0":{"start":{"line":23,"column":23},"end":{"line":48,"column":null}},"1":{"start":{"line":56,"column":13},"end":{"line":435,"column":null}},"2":{"start":{"line":61,"column":8},"end":{"line":61,"column":null}},"3":{"start":{"line":61,"column":46},"end":{"line":61,"column":61}},"4":{"start":{"line":62,"column":8},"end":{"line":62,"column":null}},"5":{"start":{"line":63,"column":20},"end":{"line":63,"column":null}},"6":{"start":{"line":65,"column":8},"end":{"line":77,"column":null}},"7":{"start":{"line":66,"column":11},"end":{"line":75,"column":null}},"8":{"start":{"line":79,"column":8},"end":{"line":83,"column":null}},"9":{"start":{"line":93,"column":6},"end":{"line":93,"column":null}},"10":{"start":{"line":96,"column":2},"end":{"line":98,"column":null}},"11":{"start":{"line":97,"column":4},"end":{"line":97,"column":null}},"12":{"start":{"line":101,"column":22},"end":{"line":101,"column":null}},"13":{"start":{"line":102,"column":24},"end":{"line":102,"column":null}},"14":{"start":{"line":105,"column":8},"end":{"line":118,"column":null}},"15":{"start":{"line":106,"column":4},"end":{"line":106,"column":null}},"16":{"start":{"line":106,"column":22},"end":{"line":106,"column":null}},"17":{"start":{"line":107,"column":20},"end":{"line":107,"column":null}},"18":{"start":{"line":108,"column":4},"end":{"line":108,"column":null}},"19":{"start":{"line":108,"column":18},"end":{"line":108,"column":null}},"20":{"start":{"line":110,"column":27},"end":{"line":110,"column":null}},"21":{"start":{"line":110,"column":57},"end":{"line":110,"column":65}},"22":{"start":{"line":111,"column":22},"end":{"line":111,"column":null}},"23":{"start":{"line":113,"column":20},"end":{"line":115,"column":null}},"24":{"start":{"line":114,"column":16},"end":{"line":114,"column":38}},"25":{"start":{"line":115,"column":19},"end":{"line":115,"column":41}},"26":{"start":{"line":117,"column":4},"end":{"line":117,"column":null}},"27":{"start":{"line":121,"column":8},"end":{"line":136,"column":null}},"28":{"start":{"line":122,"column":17},"end":{"line":123,"column":null}},"29":{"start":{"line":125,"column":6},"end":{"line":125,"column":null}},"30":{"start":{"line":126,"column":6},"end":{"line":126,"column":null}},"31":{"start":{"line":127,"column":6},"end":{"line":127,"column":null}},"32":{"start":{"line":130,"column":6},"end":{"line":134,"column":null}},"33":{"start":{"line":131,"column":8},"end":{"line":131,"column":null}},"34":{"start":{"line":133,"column":8},"end":{"line":133,"column":null}},"35":{"start":{"line":138,"column":8},"end":{"line":153,"column":null}},"36":{"start":{"line":139,"column":17},"end":{"line":140,"column":null}},"37":{"start":{"line":142,"column":6},"end":{"line":142,"column":null}},"38":{"start":{"line":143,"column":6},"end":{"line":143,"column":null}},"39":{"start":{"line":144,"column":6},"end":{"line":144,"column":null}},"40":{"start":{"line":147,"column":6},"end":{"line":151,"column":null}},"41":{"start":{"line":148,"column":8},"end":{"line":148,"column":null}},"42":{"start":{"line":150,"column":8},"end":{"line":150,"column":null}},"43":{"start":{"line":155,"column":23},"end":{"line":155,"column":null}},"44":{"start":{"line":157,"column":8},"end":{"line":173,"column":null}},"45":{"start":{"line":159,"column":20},"end":{"line":159,"column":null}},"46":{"start":{"line":159,"column":51},"end":{"line":159,"column":80}},"47":{"start":{"line":160,"column":26},"end":{"line":162,"column":null}},"48":{"start":{"line":161,"column":21},"end":{"line":161,"column":null}},"49":{"start":{"line":163,"column":4},"end":{"line":166,"column":null}},"50":{"start":{"line":164,"column":6},"end":{"line":164,"column":null}},"51":{"start":{"line":165,"column":6},"end":{"line":165,"column":null}},"52":{"start":{"line":168,"column":4},"end":{"line":172,"column":null}},"53":{"start":{"line":169,"column":6},"end":{"line":169,"column":null}},"54":{"start":{"line":171,"column":6},"end":{"line":171,"column":null}},"55":{"start":{"line":178,"column":8},"end":{"line":185,"column":null}},"56":{"start":{"line":179,"column":4},"end":{"line":179,"column":null}},"57":{"start":{"line":179,"column":22},"end":{"line":179,"column":null}},"58":{"start":{"line":180,"column":4},"end":{"line":184,"column":null}},"59":{"start":{"line":187,"column":8},"end":{"line":193,"column":null}},"60":{"start":{"line":188,"column":25},"end":{"line":188,"column":null}},"61":{"start":{"line":189,"column":4},"end":{"line":192,"column":null}},"62":{"start":{"line":196,"column":24},"end":{"line":196,"column":null}},"63":{"start":{"line":197,"column":23},"end":{"line":197,"column":null}},"64":{"start":{"line":199,"column":2},"end":{"line":433,"column":null}},"65":{"start":{"line":256,"column":18},"end":{"line":260,"column":null}},"66":{"start":{"line":257,"column":20},"end":{"line":257,"column":null}},"67":{"start":{"line":259,"column":20},"end":{"line":259,"column":null}},"68":{"start":{"line":267,"column":18},"end":{"line":269,"column":null}},"69":{"start":{"line":339,"column":14},"end":{"line":346,"column":null}},"70":{"start":{"line":343,"column":31},"end":{"line":343,"column":null}},"71":{"start":{"line":378,"column":93},"end":{"line":378,"column":101}}},"fnMap":{"0":{"name":"(anonymous_0)","decl":{"start":{"line":56,"column":13},"end":{"line":56,"column":50}},"loc":{"start":{"line":60,"column":6},"end":{"line":435,"column":null}},"line":60},"1":{"name":"(anonymous_1)","decl":{"start":{"line":61,"column":20},"end":{"line":61,"column":36}},"loc":{"start":{"line":61,"column":46},"end":{"line":61,"column":61}},"line":61},"2":{"name":"(anonymous_2)","decl":{"start":{"line":65,"column":38},"end":{"line":65,"column":null}},"loc":{"start":{"line":66,"column":11},"end":{"line":75,"column":null}},"line":66},"3":{"name":"(anonymous_3)","decl":{"start":{"line":96,"column":2},"end":{"line":96,"column":18}},"loc":{"start":{"line":96,"column":18},"end":{"line":98,"column":5}},"line":96},"4":{"name":"(anonymous_4)","decl":{"start":{"line":105,"column":27},"end":{"line":105,"column":41}},"loc":{"start":{"line":105,"column":41},"end":{"line":118,"column":5}},"line":105},"5":{"name":"(anonymous_5)","decl":{"start":{"line":110,"column":41},"end":{"line":110,"column":46}},"loc":{"start":{"line":110,"column":57},"end":{"line":110,"column":65}},"line":110},"6":{"name":"(anonymous_6)","decl":{"start":{"line":114,"column":7},"end":{"line":114,"column":11}},"loc":{"start":{"line":114,"column":16},"end":{"line":114,"column":38}},"line":114},"7":{"name":"(anonymous_7)","decl":{"start":{"line":115,"column":7},"end":{"line":115,"column":14}},"loc":{"start":{"line":115,"column":19},"end":{"line":115,"column":41}},"line":115},"8":{"name":"(anonymous_8)","decl":{"start":{"line":122,"column":4},"end":{"line":122,"column":17}},"loc":{"start":{"line":122,"column":17},"end":{"line":123,"column":null}},"line":122},"9":{"name":"(anonymous_9)","decl":{"start":{"line":124,"column":4},"end":{"line":124,"column":21}},"loc":{"start":{"line":124,"column":21},"end":{"line":128,"column":null}},"line":124},"10":{"name":"(anonymous_10)","decl":{"start":{"line":129,"column":4},"end":{"line":129,"column":14}},"loc":{"start":{"line":129,"column":29},"end":{"line":135,"column":null}},"line":129},"11":{"name":"(anonymous_11)","decl":{"start":{"line":139,"column":4},"end":{"line":139,"column":17}},"loc":{"start":{"line":139,"column":17},"end":{"line":140,"column":null}},"line":139},"12":{"name":"(anonymous_12)","decl":{"start":{"line":141,"column":4},"end":{"line":141,"column":21}},"loc":{"start":{"line":141,"column":21},"end":{"line":145,"column":null}},"line":141},"13":{"name":"(anonymous_13)","decl":{"start":{"line":146,"column":4},"end":{"line":146,"column":14}},"loc":{"start":{"line":146,"column":29},"end":{"line":152,"column":null}},"line":146},"14":{"name":"(anonymous_14)","decl":{"start":{"line":157,"column":8},"end":{"line":157,"column":20}},"loc":{"start":{"line":157,"column":43},"end":{"line":173,"column":null}},"line":157},"15":{"name":"(anonymous_15)","decl":{"start":{"line":159,"column":40},"end":{"line":159,"column":45}},"loc":{"start":{"line":159,"column":51},"end":{"line":159,"column":80}},"line":159},"16":{"name":"(anonymous_16)","decl":{"start":{"line":160,"column":34},"end":{"line":160,"column":null}},"loc":{"start":{"line":161,"column":21},"end":{"line":161,"column":null}},"line":161},"17":{"name":"(anonymous_17)","decl":{"start":{"line":178,"column":24},"end":{"line":178,"column":38}},"loc":{"start":{"line":178,"column":38},"end":{"line":185,"column":5}},"line":178},"18":{"name":"(anonymous_18)","decl":{"start":{"line":187,"column":8},"end":{"line":187,"column":32}},"loc":{"start":{"line":187,"column":53},"end":{"line":193,"column":null}},"line":187},"19":{"name":"(anonymous_19)","decl":{"start":{"line":255,"column":16},"end":{"line":255,"column":27}},"loc":{"start":{"line":255,"column":33},"end":{"line":261,"column":null}},"line":255},"20":{"name":"(anonymous_20)","decl":{"start":{"line":266,"column":33},"end":{"line":266,"column":38}},"loc":{"start":{"line":267,"column":18},"end":{"line":269,"column":null}},"line":267},"21":{"name":"(anonymous_21)","decl":{"start":{"line":338,"column":30},"end":{"line":338,"column":35}},"loc":{"start":{"line":339,"column":14},"end":{"line":346,"column":null}},"line":339},"22":{"name":"(anonymous_22)","decl":{"start":{"line":343,"column":16},"end":{"line":343,"column":31}},"loc":{"start":{"line":343,"column":31},"end":{"line":343,"column":null}},"line":343},"23":{"name":"(anonymous_23)","decl":{"start":{"line":378,"column":84},"end":{"line":378,"column":88}},"loc":{"start":{"line":378,"column":93},"end":{"line":378,"column":101}},"line":378}},"branchMap":{"0":{"loc":{"start":{"line":67,"column":14},"end":{"line":67,"column":null}},"type":"binary-expr","locations":[{"start":{"line":67,"column":14},"end":{"line":67,"column":37}},{"start":{"line":67,"column":37},"end":{"line":67,"column":null}}],"line":67},"1":{"loc":{"start":{"line":68,"column":22},"end":{"line":68,"column":null}},"type":"binary-expr","locations":[{"start":{"line":68,"column":22},"end":{"line":68,"column":53}},{"start":{"line":68,"column":53},"end":{"line":68,"column":null}}],"line":68},"2":{"loc":{"start":{"line":69,"column":20},"end":{"line":69,"column":null}},"type":"binary-expr","locations":[{"start":{"line":69,"column":20},"end":{"line":69,"column":49}},{"start":{"line":69,"column":49},"end":{"line":69,"column":null}}],"line":69},"3":{"loc":{"start":{"line":70,"column":22},"end":{"line":72,"column":null}},"type":"binary-expr","locations":[{"start":{"line":70,"column":22},"end":{"line":70,"column":53}},{"start":{"line":70,"column":53},"end":{"line":72,"column":null}}],"line":70},"4":{"loc":{"start":{"line":74,"column":8},"end":{"line":74,"column":null}},"type":"binary-expr","locations":[{"start":{"line":74,"column":8},"end":{"line":74,"column":39}},{"start":{"line":74,"column":39},"end":{"line":74,"column":null}}],"line":74},"5":{"loc":{"start":{"line":106,"column":4},"end":{"line":106,"column":null}},"type":"if","locations":[{"start":{"line":106,"column":4},"end":{"line":106,"column":null}},{"start":{},"end":{}}],"line":106},"6":{"loc":{"start":{"line":108,"column":4},"end":{"line":108,"column":null}},"type":"if","locations":[{"start":{"line":108,"column":4},"end":{"line":108,"column":null}},{"start":{},"end":{}}],"line":108},"7":{"loc":{"start":{"line":130,"column":6},"end":{"line":134,"column":null}},"type":"if","locations":[{"start":{"line":130,"column":6},"end":{"line":134,"column":null}},{"start":{"line":132,"column":13},"end":{"line":134,"column":null}}],"line":130},"8":{"loc":{"start":{"line":130,"column":10},"end":{"line":130,"column":96}},"type":"binary-expr","locations":[{"start":{"line":130,"column":10},"end":{"line":130,"column":45}},{"start":{"line":130,"column":45},"end":{"line":130,"column":96}}],"line":130},"9":{"loc":{"start":{"line":147,"column":6},"end":{"line":151,"column":null}},"type":"if","locations":[{"start":{"line":147,"column":6},"end":{"line":151,"column":null}},{"start":{"line":149,"column":13},"end":{"line":151,"column":null}}],"line":147},"10":{"loc":{"start":{"line":147,"column":10},"end":{"line":147,"column":96}},"type":"binary-expr","locations":[{"start":{"line":147,"column":10},"end":{"line":147,"column":45}},{"start":{"line":147,"column":45},"end":{"line":147,"column":96}}],"line":147},"11":{"loc":{"start":{"line":155,"column":23},"end":{"line":155,"column":null}},"type":"binary-expr","locations":[{"start":{"line":155,"column":23},"end":{"line":155,"column":51}},{"start":{"line":155,"column":51},"end":{"line":155,"column":null}}],"line":155},"12":{"loc":{"start":{"line":163,"column":4},"end":{"line":166,"column":null}},"type":"if","locations":[{"start":{"line":163,"column":4},"end":{"line":166,"column":null}},{"start":{},"end":{}}],"line":163},"13":{"loc":{"start":{"line":168,"column":4},"end":{"line":172,"column":null}},"type":"if","locations":[{"start":{"line":168,"column":4},"end":{"line":172,"column":null}},{"start":{"line":170,"column":11},"end":{"line":172,"column":null}}],"line":168},"14":{"loc":{"start":{"line":179,"column":4},"end":{"line":179,"column":null}},"type":"if","locations":[{"start":{"line":179,"column":4},"end":{"line":179,"column":null}},{"start":{},"end":{}}],"line":179},"15":{"loc":{"start":{"line":197,"column":23},"end":{"line":197,"column":null}},"type":"binary-expr","locations":[{"start":{"line":197,"column":23},"end":{"line":197,"column":47}},{"start":{"line":197,"column":47},"end":{"line":197,"column":null}}],"line":197},"16":{"loc":{"start":{"line":207,"column":15},"end":{"line":207,"column":72}},"type":"cond-expr","locations":[{"start":{"line":207,"column":27},"end":{"line":207,"column":46}},{"start":{"line":207,"column":46},"end":{"line":207,"column":72}}],"line":207},"17":{"loc":{"start":{"line":208,"column":11},"end":{"line":213,"column":null}},"type":"binary-expr","locations":[{"start":{"line":208,"column":11},"end":{"line":208,"column":24}},{"start":{"line":208,"column":24},"end":{"line":208,"column":null}},{"start":{"line":209,"column":12},"end":{"line":213,"column":null}}],"line":208},"18":{"loc":{"start":{"line":228,"column":16},"end":{"line":228,"column":null}},"type":"cond-expr","locations":[{"start":{"line":228,"column":32},"end":{"line":228,"column":72}},{"start":{"line":228,"column":72},"end":{"line":228,"column":null}}],"line":228},"19":{"loc":{"start":{"line":232,"column":13},"end":{"line":235,"column":null}},"type":"binary-expr","locations":[{"start":{"line":232,"column":13},"end":{"line":232,"column":null}},{"start":{"line":233,"column":14},"end":{"line":235,"column":null}}],"line":232},"20":{"loc":{"start":{"line":246,"column":18},"end":{"line":246,"column":null}},"type":"cond-expr","locations":[{"start":{"line":246,"column":42},"end":{"line":246,"column":83}},{"start":{"line":246,"column":83},"end":{"line":246,"column":null}}],"line":246},"21":{"loc":{"start":{"line":249,"column":18},"end":{"line":253,"column":null}},"type":"cond-expr","locations":[{"start":{"line":250,"column":22},"end":{"line":250,"column":null}},{"start":{"line":251,"column":22},"end":{"line":253,"column":null}}],"line":249},"22":{"loc":{"start":{"line":251,"column":22},"end":{"line":253,"column":null}},"type":"cond-expr","locations":[{"start":{"line":252,"column":24},"end":{"line":252,"column":null}},{"start":{"line":253,"column":24},"end":{"line":253,"column":null}}],"line":251},"23":{"loc":{"start":{"line":256,"column":18},"end":{"line":260,"column":null}},"type":"if","locations":[{"start":{"line":256,"column":18},"end":{"line":260,"column":null}},{"start":{"line":258,"column":25},"end":{"line":260,"column":null}}],"line":256},"24":{"loc":{"start":{"line":273,"column":15},"end":{"line":281,"column":null}},"type":"binary-expr","locations":[{"start":{"line":273,"column":15},"end":{"line":273,"column":null}},{"start":{"line":274,"column":16},"end":{"line":281,"column":null}}],"line":273},"25":{"loc":{"start":{"line":282,"column":13},"end":{"line":285,"column":null}},"type":"binary-expr","locations":[{"start":{"line":282,"column":13},"end":{"line":282,"column":null}},{"start":{"line":283,"column":14},"end":{"line":285,"column":null}}],"line":282},"26":{"loc":{"start":{"line":317,"column":13},"end":{"line":320,"column":null}},"type":"binary-expr","locations":[{"start":{"line":317,"column":13},"end":{"line":317,"column":null}},{"start":{"line":318,"column":14},"end":{"line":320,"column":null}}],"line":317},"27":{"loc":{"start":{"line":355,"column":16},"end":{"line":355,"column":null}},"type":"cond-expr","locations":[{"start":{"line":355,"column":40},"end":{"line":355,"column":80}},{"start":{"line":355,"column":80},"end":{"line":355,"column":null}}],"line":355},"28":{"loc":{"start":{"line":359,"column":13},"end":{"line":362,"column":null}},"type":"binary-expr","locations":[{"start":{"line":359,"column":13},"end":{"line":359,"column":null}},{"start":{"line":360,"column":14},"end":{"line":362,"column":null}}],"line":359},"29":{"loc":{"start":{"line":366,"column":11},"end":{"line":374,"column":null}},"type":"binary-expr","locations":[{"start":{"line":366,"column":11},"end":{"line":366,"column":null}},{"start":{"line":367,"column":12},"end":{"line":374,"column":null}}],"line":366},"30":{"loc":{"start":{"line":376,"column":11},"end":{"line":379,"column":null}},"type":"binary-expr","locations":[{"start":{"line":376,"column":11},"end":{"line":376,"column":null}},{"start":{"line":377,"column":12},"end":{"line":379,"column":null}}],"line":376},"31":{"loc":{"start":{"line":421,"column":22},"end":{"line":421,"column":null}},"type":"binary-expr","locations":[{"start":{"line":421,"column":22},"end":{"line":421,"column":34}},{"start":{"line":421,"column":34},"end":{"line":421,"column":null}}],"line":421},"32":{"loc":{"start":{"line":423,"column":14},"end":{"line":425,"column":null}},"type":"cond-expr","locations":[{"start":{"line":424,"column":18},"end":{"line":424,"column":null}},{"start":{"line":425,"column":18},"end":{"line":425,"column":null}}],"line":423},"33":{"loc":{"start":{"line":428,"column":13},"end":{"line":429,"column":25}},"type":"binary-expr","locations":[{"start":{"line":428,"column":13},"end":{"line":428,"column":29}},{"start":{"line":428,"column":29},"end":{"line":429,"column":25}}],"line":428},"34":{"loc":{"start":{"line":429,"column":13},"end":{"line":429,"column":null}},"type":"cond-expr","locations":[{"start":{"line":429,"column":25},"end":{"line":429,"column":46}},{"start":{"line":429,"column":46},"end":{"line":429,"column":null}}],"line":429}},"s":{"0":1,"1":1,"2":60,"3":60,"4":60,"5":60,"6":60,"7":8,"8":60,"9":60,"10":60,"11":8,"12":60,"13":60,"14":60,"15":19,"16":0,"17":19,"18":19,"19":0,"20":19,"21":21,"22":19,"23":19,"24":69,"25":69,"26":19,"27":60,"28":0,"29":0,"30":0,"31":0,"32":0,"33":0,"34":0,"35":60,"36":0,"37":0,"38":0,"39":0,"40":0,"41":0,"42":0,"43":60,"44":60,"45":0,"46":0,"47":0,"48":0,"49":0,"50":0,"51":0,"52":0,"53":0,"54":0,"55":60,"56":9,"57":0,"58":9,"59":60,"60":0,"61":0,"62":60,"63":60,"64":60,"65":1,"66":0,"67":1,"68":240,"69":240,"70":0,"71":1},"f":{"0":60,"1":60,"2":8,"3":8,"4":19,"5":21,"6":69,"7":69,"8":0,"9":0,"10":0,"11":0,"12":0,"13":0,"14":0,"15":0,"16":0,"17":9,"18":0,"19":1,"20":240,"21":240,"22":0,"23":1},"b":{"0":[8,7],"1":[8,7],"2":[8,7],"3":[8,7],"4":[8,7],"5":[0,19],"6":[0,19],"7":[0,0],"8":[0,0],"9":[0,0],"10":[0,0],"11":[60,60],"12":[0,0],"13":[0,0],"14":[0,9],"15":[60,22],"16":[3,57],"17":[60,3,3],"18":[0,60],"19":[60,0],"20":[0,60],"21":[22,38],"22":[0,38],"23":[0,1],"24":[60,0],"25":[60,0],"26":[60,0],"27":[0,60],"28":[60,0],"29":[60,60],"30":[60,1],"31":[60,16],"32":[44,16],"33":[60,0],"34":[3,57]},"meta":{"lastBranch":35,"lastFunction":24,"lastStatement":72,"seen":{"s:23:23:48:Infinity":0,"s:56:13:435:Infinity":1,"f:56:13:56:50":0,"s:61:8:61:Infinity":2,"f:61:20:61:36":1,"s:61:46:61:61":3,"s:62:8:62:Infinity":4,"s:63:20:63:Infinity":5,"s:65:8:77:Infinity":6,"f:65:38:65:Infinity":2,"s:66:11:75:Infinity":7,"b:67:14:67:37:67:37:67:Infinity":0,"b:68:22:68:53:68:53:68:Infinity":1,"b:69:20:69:49:69:49:69:Infinity":2,"b:70:22:70:53:70:53:72:Infinity":3,"b:74:8:74:39:74:39:74:Infinity":4,"s:79:8:83:Infinity":8,"s:93:6:93:Infinity":9,"s:96:2:98:Infinity":10,"f:96:2:96:18":3,"s:97:4:97:Infinity":11,"s:101:22:101:Infinity":12,"s:102:24:102:Infinity":13,"s:105:8:118:Infinity":14,"f:105:27:105:41":4,"b:106:4:106:Infinity:undefined:undefined:undefined:undefined":5,"s:106:4:106:Infinity":15,"s:106:22:106:Infinity":16,"s:107:20:107:Infinity":17,"b:108:4:108:Infinity:undefined:undefined:undefined:undefined":6,"s:108:4:108:Infinity":18,"s:108:18:108:Infinity":19,"s:110:27:110:Infinity":20,"f:110:41:110:46":5,"s:110:57:110:65":21,"s:111:22:111:Infinity":22,"s:113:20:115:Infinity":23,"f:114:7:114:11":6,"s:114:16:114:38":24,"f:115:7:115:14":7,"s:115:19:115:41":25,"s:117:4:117:Infinity":26,"s:121:8:136:Infinity":27,"f:122:4:122:17":8,"s:122:17:123:Infinity":28,"f:124:4:124:21":9,"s:125:6:125:Infinity":29,"s:126:6:126:Infinity":30,"s:127:6:127:Infinity":31,"f:129:4:129:14":10,"b:130:6:134:Infinity:132:13:134:Infinity":7,"s:130:6:134:Infinity":32,"b:130:10:130:45:130:45:130:96":8,"s:131:8:131:Infinity":33,"s:133:8:133:Infinity":34,"s:138:8:153:Infinity":35,"f:139:4:139:17":11,"s:139:17:140:Infinity":36,"f:141:4:141:21":12,"s:142:6:142:Infinity":37,"s:143:6:143:Infinity":38,"s:144:6:144:Infinity":39,"f:146:4:146:14":13,"b:147:6:151:Infinity:149:13:151:Infinity":9,"s:147:6:151:Infinity":40,"b:147:10:147:45:147:45:147:96":10,"s:148:8:148:Infinity":41,"s:150:8:150:Infinity":42,"s:155:23:155:Infinity":43,"b:155:23:155:51:155:51:155:Infinity":11,"s:157:8:173:Infinity":44,"f:157:8:157:20":14,"s:159:20:159:Infinity":45,"f:159:40:159:45":15,"s:159:51:159:80":46,"s:160:26:162:Infinity":47,"f:160:34:160:Infinity":16,"s:161:21:161:Infinity":48,"b:163:4:166:Infinity:undefined:undefined:undefined:undefined":12,"s:163:4:166:Infinity":49,"s:164:6:164:Infinity":50,"s:165:6:165:Infinity":51,"b:168:4:172:Infinity:170:11:172:Infinity":13,"s:168:4:172:Infinity":52,"s:169:6:169:Infinity":53,"s:171:6:171:Infinity":54,"s:178:8:185:Infinity":55,"f:178:24:178:38":17,"b:179:4:179:Infinity:undefined:undefined:undefined:undefined":14,"s:179:4:179:Infinity":56,"s:179:22:179:Infinity":57,"s:180:4:184:Infinity":58,"s:187:8:193:Infinity":59,"f:187:8:187:32":18,"s:188:25:188:Infinity":60,"s:189:4:192:Infinity":61,"s:196:24:196:Infinity":62,"s:197:23:197:Infinity":63,"b:197:23:197:47:197:47:197:Infinity":15,"s:199:2:433:Infinity":64,"b:207:27:207:46:207:46:207:72":16,"b:208:11:208:24:208:24:208:Infinity:209:12:213:Infinity":17,"b:228:32:228:72:228:72:228:Infinity":18,"b:232:13:232:Infinity:233:14:235:Infinity":19,"b:246:42:246:83:246:83:246:Infinity":20,"b:250:22:250:Infinity:251:22:253:Infinity":21,"b:252:24:252:Infinity:253:24:253:Infinity":22,"f:255:16:255:27":19,"b:256:18:260:Infinity:258:25:260:Infinity":23,"s:256:18:260:Infinity":65,"s:257:20:257:Infinity":66,"s:259:20:259:Infinity":67,"f:266:33:266:38":20,"s:267:18:269:Infinity":68,"b:273:15:273:Infinity:274:16:281:Infinity":24,"b:282:13:282:Infinity:283:14:285:Infinity":25,"b:317:13:317:Infinity:318:14:320:Infinity":26,"f:338:30:338:35":21,"s:339:14:346:Infinity":69,"f:343:16:343:31":22,"s:343:31:343:Infinity":70,"b:355:40:355:80:355:80:355:Infinity":27,"b:359:13:359:Infinity:360:14:362:Infinity":28,"b:366:11:366:Infinity:367:12:374:Infinity":29,"b:376:11:376:Infinity:377:12:379:Infinity":30,"f:378:84:378:88":23,"s:378:93:378:101":71,"b:421:22:421:34:421:34:421:Infinity":31,"b:424:18:424:Infinity:425:18:425:Infinity":32,"b:428:13:428:29:428:29:429:25":33,"b:429:25:429:46:429:46:429:Infinity":34}}}
,"C:\\zData\\ExtracionDatosIA\\FrontEnd\\src\\components\\Rules\\RuleList.module.scss": {"path":"C:\\zData\\ExtracionDatosIA\\FrontEnd\\src\\components\\Rules\\RuleList.module.scss","statementMap":{},"fnMap":{},"branchMap":{},"s":{},"f":{},"b":{},"meta":{"lastBranch":0,"lastFunction":0,"lastStatement":0,"seen":{}}}
,"C:\\zData\\ExtracionDatosIA\\FrontEnd\\src\\components\\Rules\\RuleList.tsx": {"path":"C:\\zData\\ExtracionDatosIA\\FrontEnd\\src\\components\\Rules\\RuleList.tsx","statementMap":{"0":{"start":{"line":26,"column":2},"end":{"line":26,"column":null}},"1":{"start":{"line":26,"column":16},"end":{"line":26,"column":null}},"2":{"start":{"line":27,"column":15},"end":{"line":27,"column":null}},"3":{"start":{"line":28,"column":14},"end":{"line":28,"column":null}},"4":{"start":{"line":29,"column":17},"end":{"line":29,"column":null}},"5":{"start":{"line":30,"column":19},"end":{"line":30,"column":null}},"6":{"start":{"line":31,"column":20},"end":{"line":31,"column":null}},"7":{"start":{"line":32,"column":19},"end":{"line":32,"column":null}},"8":{"start":{"line":33,"column":20},"end":{"line":33,"column":null}},"9":{"start":{"line":36,"column":2},"end":{"line":40,"column":null}},"10":{"start":{"line":36,"column":20},"end":{"line":36,"column":null}},"11":{"start":{"line":37,"column":7},"end":{"line":40,"column":null}},"12":{"start":{"line":37,"column":26},"end":{"line":37,"column":null}},"13":{"start":{"line":38,"column":7},"end":{"line":40,"column":null}},"14":{"start":{"line":38,"column":27},"end":{"line":38,"column":null}},"15":{"start":{"line":39,"column":7},"end":{"line":40,"column":null}},"16":{"start":{"line":39,"column":25},"end":{"line":39,"column":null}},"17":{"start":{"line":40,"column":7},"end":{"line":40,"column":null}},"18":{"start":{"line":42,"column":16},"end":{"line":48,"column":null}},"19":{"start":{"line":50,"column":2},"end":{"line":50,"column":null}},"20":{"start":{"line":53,"column":23},"end":{"line":53,"column":null}},"21":{"start":{"line":55,"column":13},"end":{"line":344,"column":null}},"22":{"start":{"line":56,"column":22},"end":{"line":56,"column":null}},"23":{"start":{"line":57,"column":21},"end":{"line":57,"column":null}},"24":{"start":{"line":59,"column":8},"end":{"line":59,"column":null}},"25":{"start":{"line":60,"column":8},"end":{"line":60,"column":null}},"26":{"start":{"line":62,"column":8},"end":{"line":71,"column":null}},"27":{"start":{"line":63,"column":17},"end":{"line":63,"column":null}},"28":{"start":{"line":65,"column":6},"end":{"line":65,"column":null}},"29":{"start":{"line":66,"column":6},"end":{"line":66,"column":null}},"30":{"start":{"line":69,"column":6},"end":{"line":69,"column":null}},"31":{"start":{"line":73,"column":21},"end":{"line":73,"column":null}},"32":{"start":{"line":74,"column":8},"end":{"line":81,"column":null}},"33":{"start":{"line":76,"column":6},"end":{"line":79,"column":null}},"34":{"start":{"line":83,"column":8},"end":{"line":85,"column":null}},"35":{"start":{"line":84,"column":4},"end":{"line":84,"column":null}},"36":{"start":{"line":87,"column":2},"end":{"line":342,"column":null}},"37":{"start":{"line":129,"column":33},"end":{"line":129,"column":null}},"38":{"start":{"line":130,"column":16},"end":{"line":191,"column":null}},"39":{"start":{"line":162,"column":41},"end":{"line":162,"column":null}},"40":{"start":{"line":169,"column":41},"end":{"line":169,"column":null}},"41":{"start":{"line":176,"column":41},"end":{"line":176,"column":null}},"42":{"start":{"line":184,"column":41},"end":{"line":184,"column":null}},"43":{"start":{"line":209,"column":31},"end":{"line":209,"column":null}},"44":{"start":{"line":209,"column":53},"end":{"line":209,"column":71}},"45":{"start":{"line":215,"column":60},"end":{"line":215,"column":65}},"46":{"start":{"line":216,"column":16},"end":{"line":225,"column":null}},"47":{"start":{"line":221,"column":33},"end":{"line":221,"column":null}},"48":{"start":{"line":229,"column":31},"end":{"line":229,"column":null}},"49":{"start":{"line":229,"column":53},"end":{"line":229,"column":80}},"50":{"start":{"line":245,"column":27},"end":{"line":245,"column":null}},"51":{"start":{"line":255,"column":31},"end":{"line":255,"column":null}},"52":{"start":{"line":291,"column":20},"end":{"line":297,"column":null}},"53":{"start":{"line":331,"column":18},"end":{"line":331,"column":null}},"54":{"start":{"line":332,"column":18},"end":{"line":332,"column":null}}},"fnMap":{"0":{"name":"formatRelativeDate","decl":{"start":{"line":25,"column":9},"end":{"line":25,"column":28}},"loc":{"start":{"line":25,"column":89},"end":{"line":51,"column":null}},"line":25},"1":{"name":"(anonymous_1)","decl":{"start":{"line":55,"column":13},"end":{"line":55,"column":50}},"loc":{"start":{"line":55,"column":95},"end":{"line":344,"column":null}},"line":55},"2":{"name":"(anonymous_2)","decl":{"start":{"line":63,"column":4},"end":{"line":63,"column":17}},"loc":{"start":{"line":63,"column":17},"end":{"line":63,"column":null}},"line":63},"3":{"name":"(anonymous_3)","decl":{"start":{"line":64,"column":4},"end":{"line":64,"column":21}},"loc":{"start":{"line":64,"column":21},"end":{"line":67,"column":null}},"line":64},"4":{"name":"(anonymous_4)","decl":{"start":{"line":68,"column":4},"end":{"line":68,"column":14}},"loc":{"start":{"line":68,"column":31},"end":{"line":70,"column":null}},"line":68},"5":{"name":"(anonymous_5)","decl":{"start":{"line":74,"column":25},"end":{"line":74,"column":null}},"loc":{"start":{"line":76,"column":6},"end":{"line":79,"column":null}},"line":76},"6":{"name":"(anonymous_6)","decl":{"start":{"line":83,"column":8},"end":{"line":83,"column":30}},"loc":{"start":{"line":83,"column":45},"end":{"line":85,"column":null}},"line":83},"7":{"name":"(anonymous_7)","decl":{"start":{"line":128,"column":30},"end":{"line":128,"column":35}},"loc":{"start":{"line":128,"column":44},"end":{"line":193,"column":15}},"line":128},"8":{"name":"(anonymous_8)","decl":{"start":{"line":162,"column":26},"end":{"line":162,"column":41}},"loc":{"start":{"line":162,"column":41},"end":{"line":162,"column":null}},"line":162},"9":{"name":"(anonymous_9)","decl":{"start":{"line":169,"column":26},"end":{"line":169,"column":41}},"loc":{"start":{"line":169,"column":41},"end":{"line":169,"column":null}},"line":169},"10":{"name":"(anonymous_10)","decl":{"start":{"line":176,"column":26},"end":{"line":176,"column":41}},"loc":{"start":{"line":176,"column":41},"end":{"line":176,"column":null}},"line":176},"11":{"name":"(anonymous_11)","decl":{"start":{"line":184,"column":26},"end":{"line":184,"column":41}},"loc":{"start":{"line":184,"column":41},"end":{"line":184,"column":null}},"line":184},"12":{"name":"(anonymous_12)","decl":{"start":{"line":209,"column":16},"end":{"line":209,"column":31}},"loc":{"start":{"line":209,"column":31},"end":{"line":209,"column":null}},"line":209},"13":{"name":"(anonymous_13)","decl":{"start":{"line":209,"column":31},"end":{"line":209,"column":47}},"loc":{"start":{"line":209,"column":53},"end":{"line":209,"column":71}},"line":209},"14":{"name":"(anonymous_14)","decl":{"start":{"line":215,"column":47},"end":{"line":215,"column":51}},"loc":{"start":{"line":215,"column":60},"end":{"line":215,"column":65}},"line":215},"15":{"name":"(anonymous_15)","decl":{"start":{"line":215,"column":67},"end":{"line":215,"column":72}},"loc":{"start":{"line":216,"column":16},"end":{"line":225,"column":null}},"line":216},"16":{"name":"(anonymous_16)","decl":{"start":{"line":221,"column":18},"end":{"line":221,"column":33}},"loc":{"start":{"line":221,"column":33},"end":{"line":221,"column":null}},"line":221},"17":{"name":"(anonymous_17)","decl":{"start":{"line":229,"column":16},"end":{"line":229,"column":31}},"loc":{"start":{"line":229,"column":31},"end":{"line":229,"column":null}},"line":229},"18":{"name":"(anonymous_18)","decl":{"start":{"line":229,"column":31},"end":{"line":229,"column":47}},"loc":{"start":{"line":229,"column":53},"end":{"line":229,"column":80}},"line":229},"19":{"name":"(anonymous_19)","decl":{"start":{"line":245,"column":12},"end":{"line":245,"column":27}},"loc":{"start":{"line":245,"column":27},"end":{"line":245,"column":null}},"line":245},"20":{"name":"(anonymous_20)","decl":{"start":{"line":255,"column":16},"end":{"line":255,"column":31}},"loc":{"start":{"line":255,"column":31},"end":{"line":255,"column":null}},"line":255},"21":{"name":"(anonymous_21)","decl":{"start":{"line":290,"column":45},"end":{"line":290,"column":50}},"loc":{"start":{"line":291,"column":20},"end":{"line":297,"column":null}},"line":291},"22":{"name":"(anonymous_22)","decl":{"start":{"line":330,"column":16},"end":{"line":330,"column":31}},"loc":{"start":{"line":330,"column":31},"end":{"line":333,"column":null}},"line":330}},"branchMap":{"0":{"loc":{"start":{"line":26,"column":2},"end":{"line":26,"column":null}},"type":"if","locations":[{"start":{"line":26,"column":2},"end":{"line":26,"column":null}},{"start":{},"end":{}}],"line":26},"1":{"loc":{"start":{"line":36,"column":2},"end":{"line":40,"column":null}},"type":"if","locations":[{"start":{"line":36,"column":2},"end":{"line":40,"column":null}},{"start":{"line":37,"column":7},"end":{"line":40,"column":null}}],"line":36},"2":{"loc":{"start":{"line":37,"column":7},"end":{"line":40,"column":null}},"type":"if","locations":[{"start":{"line":37,"column":7},"end":{"line":40,"column":null}},{"start":{"line":38,"column":7},"end":{"line":40,"column":null}}],"line":37},"3":{"loc":{"start":{"line":38,"column":7},"end":{"line":40,"column":null}},"type":"if","locations":[{"start":{"line":38,"column":7},"end":{"line":40,"column":null}},{"start":{"line":39,"column":7},"end":{"line":40,"column":null}}],"line":38},"4":{"loc":{"start":{"line":38,"column":63},"end":{"line":38,"column":null}},"type":"cond-expr","locations":[{"start":{"line":38,"column":79},"end":{"line":38,"column":85}},{"start":{"line":38,"column":85},"end":{"line":38,"column":null}}],"line":38},"5":{"loc":{"start":{"line":39,"column":7},"end":{"line":40,"column":null}},"type":"if","locations":[{"start":{"line":39,"column":7},"end":{"line":40,"column":null}},{"start":{"line":40,"column":7},"end":{"line":40,"column":null}}],"line":39},"6":{"loc":{"start":{"line":39,"column":59},"end":{"line":39,"column":null}},"type":"cond-expr","locations":[{"start":{"line":39,"column":74},"end":{"line":39,"column":80}},{"start":{"line":39,"column":80},"end":{"line":39,"column":null}}],"line":39},"7":{"loc":{"start":{"line":40,"column":45},"end":{"line":40,"column":null}},"type":"cond-expr","locations":[{"start":{"line":40,"column":61},"end":{"line":40,"column":67}},{"start":{"line":40,"column":67},"end":{"line":40,"column":null}}],"line":40},"8":{"loc":{"start":{"line":129,"column":52},"end":{"line":129,"column":86}},"type":"binary-expr","locations":[{"start":{"line":129,"column":52},"end":{"line":129,"column":71}},{"start":{"line":129,"column":71},"end":{"line":129,"column":86}}],"line":129},"9":{"loc":{"start":{"line":146,"column":26},"end":{"line":148,"column":null}},"type":"cond-expr","locations":[{"start":{"line":147,"column":30},"end":{"line":147,"column":null}},{"start":{"line":148,"column":30},"end":{"line":148,"column":null}}],"line":146},"10":{"loc":{"start":{"line":151,"column":25},"end":{"line":151,"column":72}},"type":"cond-expr","locations":[{"start":{"line":151,"column":59},"end":{"line":151,"column":66}},{"start":{"line":151,"column":66},"end":{"line":151,"column":72}}],"line":151},"11":{"loc":{"start":{"line":152,"column":25},"end":{"line":152,"column":null}},"type":"cond-expr","locations":[{"start":{"line":152,"column":59},"end":{"line":152,"column":71}},{"start":{"line":152,"column":71},"end":{"line":152,"column":null}}],"line":152},"12":{"loc":{"start":{"line":199,"column":9},"end":{"line":236,"column":null}},"type":"binary-expr","locations":[{"start":{"line":199,"column":9},"end":{"line":199,"column":null}},{"start":{"line":200,"column":10},"end":{"line":236,"column":null}}],"line":199},"13":{"loc":{"start":{"line":219,"column":20},"end":{"line":219,"column":null}},"type":"cond-expr","locations":[{"start":{"line":219,"column":43},"end":{"line":219,"column":93}},{"start":{"line":219,"column":93},"end":{"line":219,"column":null}}],"line":219},"14":{"loc":{"start":{"line":241,"column":7},"end":{"line":342,"column":null}},"type":"binary-expr","locations":[{"start":{"line":241,"column":7},"end":{"line":241,"column":null}},{"start":{"line":242,"column":8},"end":{"line":342,"column":null}}],"line":241},"15":{"loc":{"start":{"line":271,"column":19},"end":{"line":271,"column":null}},"type":"cond-expr","locations":[{"start":{"line":271,"column":59},"end":{"line":271,"column":74}},{"start":{"line":271,"column":74},"end":{"line":271,"column":null}}],"line":271},"16":{"loc":{"start":{"line":294,"column":23},"end":{"line":295,"column":null}},"type":"binary-expr","locations":[{"start":{"line":294,"column":23},"end":{"line":294,"column":null}},{"start":{"line":295,"column":24},"end":{"line":295,"column":null}}],"line":294},"17":{"loc":{"start":{"line":313,"column":15},"end":{"line":323,"column":null}},"type":"binary-expr","locations":[{"start":{"line":313,"column":15},"end":{"line":313,"column":null}},{"start":{"line":314,"column":16},"end":{"line":323,"column":null}}],"line":313}},"s":{"0":24,"1":0,"2":24,"3":24,"4":24,"5":24,"6":24,"7":24,"8":24,"9":24,"10":24,"11":0,"12":0,"13":0,"14":0,"15":0,"16":0,"17":0,"18":24,"19":24,"20":1,"21":1,"22":11,"23":11,"24":11,"25":11,"26":11,"27":0,"28":0,"29":0,"30":0,"31":11,"32":11,"33":10,"34":11,"35":1,"36":11,"37":24,"38":24,"39":1,"40":1,"41":0,"42":1,"43":0,"44":0,"45":0,"46":0,"47":0,"48":0,"49":0,"50":0,"51":0,"52":1,"53":0,"54":0},"f":{"0":24,"1":11,"2":0,"3":0,"4":0,"5":10,"6":1,"7":24,"8":1,"9":1,"10":0,"11":1,"12":0,"13":0,"14":0,"15":0,"16":0,"17":0,"18":0,"19":0,"20":0,"21":1,"22":0},"b":{"0":[0,24],"1":[24,0],"2":[0,0],"3":[0,0],"4":[0,0],"5":[0,0],"6":[0,0],"7":[0,0],"8":[24,0],"9":[16,8],"10":[16,8],"11":[16,8],"12":[11,0],"13":[0,0],"14":[11,1],"15":[1,0],"16":[1,1],"17":[1,1]},"meta":{"lastBranch":18,"lastFunction":23,"lastStatement":55,"seen":{"f:25:9:25:28":0,"b:26:2:26:Infinity:undefined:undefined:undefined:undefined":0,"s:26:2:26:Infinity":0,"s:26:16:26:Infinity":1,"s:27:15:27:Infinity":2,"s:28:14:28:Infinity":3,"s:29:17:29:Infinity":4,"s:30:19:30:Infinity":5,"s:31:20:31:Infinity":6,"s:32:19:32:Infinity":7,"s:33:20:33:Infinity":8,"b:36:2:40:Infinity:37:7:40:Infinity":1,"s:36:2:40:Infinity":9,"s:36:20:36:Infinity":10,"b:37:7:40:Infinity:38:7:40:Infinity":2,"s:37:7:40:Infinity":11,"s:37:26:37:Infinity":12,"b:38:7:40:Infinity:39:7:40:Infinity":3,"s:38:7:40:Infinity":13,"s:38:27:38:Infinity":14,"b:38:79:38:85:38:85:38:Infinity":4,"b:39:7:40:Infinity:40:7:40:Infinity":5,"s:39:7:40:Infinity":15,"s:39:25:39:Infinity":16,"b:39:74:39:80:39:80:39:Infinity":6,"s:40:7:40:Infinity":17,"b:40:61:40:67:40:67:40:Infinity":7,"s:42:16:48:Infinity":18,"s:50:2:50:Infinity":19,"s:53:23:53:Infinity":20,"s:55:13:344:Infinity":21,"f:55:13:55:50":1,"s:56:22:56:Infinity":22,"s:57:21:57:Infinity":23,"s:59:8:59:Infinity":24,"s:60:8:60:Infinity":25,"s:62:8:71:Infinity":26,"f:63:4:63:17":2,"s:63:17:63:Infinity":27,"f:64:4:64:21":3,"s:65:6:65:Infinity":28,"s:66:6:66:Infinity":29,"f:68:4:68:14":4,"s:69:6:69:Infinity":30,"s:73:21:73:Infinity":31,"s:74:8:81:Infinity":32,"f:74:25:74:Infinity":5,"s:76:6:79:Infinity":33,"s:83:8:85:Infinity":34,"f:83:8:83:30":6,"s:84:4:84:Infinity":35,"s:87:2:342:Infinity":36,"f:128:30:128:35":7,"s:129:33:129:Infinity":37,"b:129:52:129:71:129:71:129:86":8,"s:130:16:191:Infinity":38,"b:147:30:147:Infinity:148:30:148:Infinity":9,"b:151:59:151:66:151:66:151:72":10,"b:152:59:152:71:152:71:152:Infinity":11,"f:162:26:162:41":8,"s:162:41:162:Infinity":39,"f:169:26:169:41":9,"s:169:41:169:Infinity":40,"f:176:26:176:41":10,"s:176:41:176:Infinity":41,"f:184:26:184:41":11,"s:184:41:184:Infinity":42,"b:199:9:199:Infinity:200:10:236:Infinity":12,"f:209:16:209:31":12,"s:209:31:209:Infinity":43,"f:209:31:209:47":13,"s:209:53:209:71":44,"f:215:47:215:51":14,"s:215:60:215:65":45,"f:215:67:215:72":15,"s:216:16:225:Infinity":46,"b:219:43:219:93:219:93:219:Infinity":13,"f:221:18:221:33":16,"s:221:33:221:Infinity":47,"f:229:16:229:31":17,"s:229:31:229:Infinity":48,"f:229:31:229:47":18,"s:229:53:229:80":49,"b:241:7:241:Infinity:242:8:342:Infinity":14,"f:245:12:245:27":19,"s:245:27:245:Infinity":50,"f:255:16:255:31":20,"s:255:31:255:Infinity":51,"b:271:59:271:74:271:74:271:Infinity":15,"f:290:45:290:50":21,"s:291:20:297:Infinity":52,"b:294:23:294:Infinity:295:24:295:Infinity":16,"b:313:15:313:Infinity:314:16:323:Infinity":17,"f:330:16:330:31":22,"s:331:18:331:Infinity":53,"s:332:18:332:Infinity":54}}}
,"C:\\zData\\ExtracionDatosIA\\FrontEnd\\src\\services\\api.ts": {"path":"C:\\zData\\ExtracionDatosIA\\FrontEnd\\src\\services\\api.ts","statementMap":{"0":{"start":{"line":7,"column":12},"end":{"line":13,"column":null}},"1":{"start":{"line":16,"column":0},"end":{"line":21,"column":null}},"2":{"start":{"line":20,"column":2},"end":{"line":20,"column":null}},"3":{"start":{"line":24,"column":0},"end":{"line":35,"column":null}},"4":{"start":{"line":25,"column":16},"end":{"line":25,"column":null}},"5":{"start":{"line":27,"column":4},"end":{"line":32,"column":null}},"6":{"start":{"line":31,"column":6},"end":{"line":31,"column":null}},"7":{"start":{"line":33,"column":4},"end":{"line":33,"column":null}}},"fnMap":{"0":{"name":"(anonymous_0)","decl":{"start":{"line":16,"column":25},"end":{"line":16,"column":30}},"loc":{"start":{"line":16,"column":41},"end":{"line":21,"column":1}},"line":16},"1":{"name":"(anonymous_1)","decl":{"start":{"line":24,"column":26},"end":{"line":24,"column":null}},"loc":{"start":{"line":25,"column":16},"end":{"line":25,"column":null}},"line":25},"2":{"name":"(anonymous_2)","decl":{"start":{"line":25,"column":16},"end":{"line":25,"column":null}},"loc":{"start":{"line":26,"column":13},"end":{"line":34,"column":null}},"line":26}},"branchMap":{"0":{"loc":{"start":{"line":8,"column":11},"end":{"line":8,"column":null}},"type":"binary-expr","locations":[{"start":{"line":8,"column":11},"end":{"line":8,"column":48}},{"start":{"line":8,"column":48},"end":{"line":8,"column":null}}],"line":8},"1":{"loc":{"start":{"line":27,"column":4},"end":{"line":32,"column":null}},"type":"if","locations":[{"start":{"line":27,"column":4},"end":{"line":32,"column":null}},{"start":{},"end":{}}],"line":27}},"s":{"0":1,"1":1,"2":0,"3":1,"4":0,"5":0,"6":0,"7":0},"f":{"0":0,"1":0,"2":0},"b":{"0":[1,0],"1":[0,0]},"meta":{"lastBranch":2,"lastFunction":3,"lastStatement":8,"seen":{"s:7:12:13:Infinity":0,"b:8:11:8:48:8:48:8:Infinity":0,"s:16:0:21:Infinity":1,"f:16:25:16:30":0,"s:20:2:20:Infinity":2,"s:24:0:35:Infinity":3,"f:24:26:24:Infinity":1,"s:25:16:25:Infinity":4,"f:25:16:25:Infinity":2,"b:27:4:32:Infinity:undefined:undefined:undefined:undefined":1,"s:27:4:32:Infinity":5,"s:31:6:31:Infinity":6,"s:33:4:33:Infinity":7}}}
,"C:\\zData\\ExtracionDatosIA\\FrontEnd\\src\\services\\ruleService.ts": {"path":"C:\\zData\\ExtracionDatosIA\\FrontEnd\\src\\services\\ruleService.ts","statementMap":{"0":{"start":{"line":18,"column":19},"end":{"line":20,"column":null}},"1":{"start":{"line":21,"column":2},"end":{"line":21,"column":null}},"2":{"start":{"line":29,"column":19},"end":{"line":29,"column":null}},"3":{"start":{"line":30,"column":2},"end":{"line":32,"column":null}},"4":{"start":{"line":31,"column":4},"end":{"line":31,"column":null}},"5":{"start":{"line":33,"column":2},"end":{"line":33,"column":null}},"6":{"start":{"line":41,"column":19},"end":{"line":41,"column":null}},"7":{"start":{"line":42,"column":2},"end":{"line":44,"column":null}},"8":{"start":{"line":43,"column":4},"end":{"line":43,"column":null}},"9":{"start":{"line":45,"column":2},"end":{"line":45,"column":null}},"10":{"start":{"line":53,"column":19},"end":{"line":53,"column":null}},"11":{"start":{"line":54,"column":2},"end":{"line":56,"column":null}},"12":{"start":{"line":55,"column":4},"end":{"line":55,"column":null}},"13":{"start":{"line":57,"column":2},"end":{"line":57,"column":null}},"14":{"start":{"line":65,"column":19},"end":{"line":65,"column":null}},"15":{"start":{"line":66,"column":2},"end":{"line":68,"column":null}},"16":{"start":{"line":67,"column":4},"end":{"line":67,"column":null}},"17":{"start":{"line":69,"column":2},"end":{"line":69,"column":null}}},"fnMap":{"0":{"name":"getRulesByClient","decl":{"start":{"line":17,"column":22},"end":{"line":17,"column":39}},"loc":{"start":{"line":17,"column":75},"end":{"line":22,"column":null}},"line":17},"1":{"name":"getRuleById","decl":{"start":{"line":28,"column":22},"end":{"line":28,"column":34}},"loc":{"start":{"line":28,"column":65},"end":{"line":34,"column":null}},"line":28},"2":{"name":"createRule","decl":{"start":{"line":40,"column":22},"end":{"line":40,"column":33}},"loc":{"start":{"line":40,"column":73},"end":{"line":46,"column":null}},"line":40},"3":{"name":"updateRule","decl":{"start":{"line":52,"column":22},"end":{"line":52,"column":33}},"loc":{"start":{"line":52,"column":89},"end":{"line":58,"column":null}},"line":52},"4":{"name":"duplicateRule","decl":{"start":{"line":64,"column":22},"end":{"line":64,"column":36}},"loc":{"start":{"line":64,"column":67},"end":{"line":70,"column":null}},"line":64}},"branchMap":{"0":{"loc":{"start":{"line":21,"column":9},"end":{"line":21,"column":null}},"type":"binary-expr","locations":[{"start":{"line":21,"column":9},"end":{"line":21,"column":31}},{"start":{"line":21,"column":31},"end":{"line":21,"column":null}}],"line":21},"1":{"loc":{"start":{"line":30,"column":2},"end":{"line":32,"column":null}},"type":"if","locations":[{"start":{"line":30,"column":2},"end":{"line":32,"column":null}},{"start":{},"end":{}}],"line":30},"2":{"loc":{"start":{"line":31,"column":20},"end":{"line":31,"column":64}},"type":"binary-expr","locations":[{"start":{"line":31,"column":20},"end":{"line":31,"column":43}},{"start":{"line":31,"column":43},"end":{"line":31,"column":64}}],"line":31},"3":{"loc":{"start":{"line":42,"column":2},"end":{"line":44,"column":null}},"type":"if","locations":[{"start":{"line":42,"column":2},"end":{"line":44,"column":null}},{"start":{},"end":{}}],"line":42},"4":{"loc":{"start":{"line":43,"column":20},"end":{"line":43,"column":68}},"type":"binary-expr","locations":[{"start":{"line":43,"column":20},"end":{"line":43,"column":43}},{"start":{"line":43,"column":43},"end":{"line":43,"column":68}}],"line":43},"5":{"loc":{"start":{"line":54,"column":2},"end":{"line":56,"column":null}},"type":"if","locations":[{"start":{"line":54,"column":2},"end":{"line":56,"column":null}},{"start":{},"end":{}}],"line":54},"6":{"loc":{"start":{"line":55,"column":20},"end":{"line":55,"column":73}},"type":"binary-expr","locations":[{"start":{"line":55,"column":20},"end":{"line":55,"column":43}},{"start":{"line":55,"column":43},"end":{"line":55,"column":73}}],"line":55},"7":{"loc":{"start":{"line":66,"column":2},"end":{"line":68,"column":null}},"type":"if","locations":[{"start":{"line":66,"column":2},"end":{"line":68,"column":null}},{"start":{},"end":{}}],"line":66},"8":{"loc":{"start":{"line":67,"column":20},"end":{"line":67,"column":71}},"type":"binary-expr","locations":[{"start":{"line":67,"column":20},"end":{"line":67,"column":43}},{"start":{"line":67,"column":43},"end":{"line":67,"column":71}}],"line":67}},"s":{"0":0,"1":0,"2":0,"3":0,"4":0,"5":0,"6":0,"7":0,"8":0,"9":0,"10":0,"11":0,"12":0,"13":0,"14":0,"15":0,"16":0,"17":0},"f":{"0":0,"1":0,"2":0,"3":0,"4":0},"b":{"0":[0,0],"1":[0,0],"2":[0,0],"3":[0,0],"4":[0,0],"5":[0,0],"6":[0,0],"7":[0,0],"8":[0,0]},"meta":{"lastBranch":9,"lastFunction":5,"lastStatement":18,"seen":{"f:17:22:17:39":0,"s:18:19:20:Infinity":0,"s:21:2:21:Infinity":1,"b:21:9:21:31:21:31:21:Infinity":0,"f:28:22:28:34":1,"s:29:19:29:Infinity":2,"b:30:2:32:Infinity:undefined:undefined:undefined:undefined":1,"s:30:2:32:Infinity":3,"s:31:4:31:Infinity":4,"b:31:20:31:43:31:43:31:64":2,"s:33:2:33:Infinity":5,"f:40:22:40:33":2,"s:41:19:41:Infinity":6,"b:42:2:44:Infinity:undefined:undefined:undefined:undefined":3,"s:42:2:44:Infinity":7,"s:43:4:43:Infinity":8,"b:43:20:43:43:43:43:43:68":4,"s:45:2:45:Infinity":9,"f:52:22:52:33":3,"s:53:19:53:Infinity":10,"b:54:2:56:Infinity:undefined:undefined:undefined:undefined":5,"s:54:2:56:Infinity":11,"s:55:4:55:Infinity":12,"b:55:20:55:43:55:43:55:73":6,"s:57:2:57:Infinity":13,"f:64:22:64:36":4,"s:65:19:65:Infinity":14,"b:66:2:68:Infinity:undefined:undefined:undefined:undefined":7,"s:66:2:68:Infinity":15,"s:67:4:67:Infinity":16,"b:67:20:67:43:67:43:67:71":8,"s:69:2:69:Infinity":17}}}
,"C:\\zData\\ExtracionDatosIA\\FrontEnd\\src\\types\\rule.types.ts": {"path":"C:\\zData\\ExtracionDatosIA\\FrontEnd\\src\\types\\rule.types.ts","statementMap":{"0":{"start":{"line":68,"column":31},"end":{"line":73,"column":null}},"1":{"start":{"line":76,"column":56},"end":{"line":81,"column":null}},"2":{"start":{"line":84,"column":32},"end":{"line":89,"column":null}}},"fnMap":{},"branchMap":{},"s":{"0":1,"1":1,"2":1},"f":{},"b":{},"meta":{"lastBranch":0,"lastFunction":0,"lastStatement":3,"seen":{"s:68:31:73:Infinity":0,"s:76:56:81:Infinity":1,"s:84:32:89:Infinity":2}}}
}
